<?xml version="1.0" encoding="UTF-8"?>
<!-- Generated by org.testng.reporters.JUnitXMLReporter -->
<testsuite ignored="0" hostname="DESKTOP-KO6MOHH" failures="0" tests="3" name="Test" time="92.818" errors="0" timestamp="2021-12-15T15:13:12 IST">
  <testcase classname="leads.Test12Test" name="testcase12" time="0.654"/>
  <testcase classname="leads.TestCase14Test" name="testcase14" time="0.539"/>
  <testcase classname="leads.TestCase15_2Test" name="testcase15_2" time="6.545"/>
</testsuite> <!-- Test -->
