<?xml version="1.0" encoding="UTF-8"?>
<testng-results ignored="1" total="3" passed="2" failed="0" skipped="0">
  <reporter-output>
  </reporter-output>
  <suite started-at="2021-12-15T21:05:08 IST" name="Default suite" finished-at="2021-12-15T21:05:08 IST" duration-ms="125">
    <groups>
    </groups>
    <test started-at="2021-12-15T21:05:08 IST" name="Default test" finished-at="2021-12-15T21:05:08 IST" duration-ms="125">
      <class name="testNg.PriorityAnnotations">
        <test-method signature="deletecustomer3()[pri:1, instance:testNg.PriorityAnnotations@71238fc2]" started-at="2021-12-15T21:05:08 IST" name="deletecustomer3" finished-at="2021-12-15T21:05:08 IST" duration-ms="18" status="PASS">
          <reporter-output>
          </reporter-output>
        </test-method> <!-- deletecustomer3 -->
        <test-method signature="modifyCustomer2()[pri:2, instance:testNg.PriorityAnnotations@71238fc2]" started-at="2021-12-15T21:05:08 IST" name="modifyCustomer2" finished-at="2021-12-15T21:05:08 IST" duration-ms="9" status="PASS">
          <reporter-output>
          </reporter-output>
        </test-method> <!-- modifyCustomer2 -->
      </class> <!-- testNg.PriorityAnnotations -->
    </test> <!-- Default test -->
  </suite> <!-- Default suite -->
</testng-results>
